Using pre-set license
Built from '2020.3/staging' branch; Version is '2020.3.23f1 (c5d91304a876) revision 12966163'; Using compiler version '192528614'; Build Type 'Release'
OS: 'Windows 10 Home; OS build 19043.1645; Version 2009; 64bit' Language: 'en' Physical Memory: 16211 MB
BatchMode: 1, IsHumanControllingUs: 0, StartBugReporterOnCrash: 0, Is64bit: 1, IsPro: 0

COMMAND LINE ARGUMENTS:
C:\Program Files\Unity\Hub\Editor\2020.3.23f1\Editor\Unity.exe
-adb2
-batchMode
-noUpm
-name
AssetImportWorker0
-projectPath
C:/Users/ch90e/Documents/GitHub/GitHubProjects/SpaceDrifter/TPPtemplate
-logFile
Logs/AssetImportWorker0.log
-srvPort
57598
Successfully changed project path to: C:/Users/ch90e/Documents/GitHub/GitHubProjects/SpaceDrifter/TPPtemplate
C:/Users/ch90e/Documents/GitHub/GitHubProjects/SpaceDrifter/TPPtemplate
Using Asset Import Pipeline V2.
Refreshing native plugins compatible for Editor in 125.46 ms, found 2 plugins.
Preloading 0 native plugins for Editor in 0.00 ms.
Initialize engine version: 2020.3.23f1 (c5d91304a876)
[Subsystems] Discovering subsystems at path C:/Program Files/Unity/Hub/Editor/2020.3.23f1/Editor/Data/Resources/UnitySubsystems
[Subsystems] Discovering subsystems at path C:/Users/ch90e/Documents/GitHub/GitHubProjects/SpaceDrifter/TPPtemplate/Assets
GfxDevice: creating device client; threaded=0
Direct3D:
    Version:  Direct3D 11.0 [level 11.0]
    Renderer: NVIDIA GeForce GTX 960M (ID=0x139b)
    Vendor:   
    VRAM:     4055 MB
    Driver:   30.0.15.1165
Initialize mono
Mono path[0] = 'C:/Program Files/Unity/Hub/Editor/2020.3.23f1/Editor/Data/Managed'
Mono path[1] = 'C:/Program Files/Unity/Hub/Editor/2020.3.23f1/Editor/Data/MonoBleedingEdge/lib/mono/unityjit'
Mono config path = 'C:/Program Files/Unity/Hub/Editor/2020.3.23f1/Editor/Data/MonoBleedingEdge/etc'
Using monoOptions --debugger-agent=transport=dt_socket,embedding=1,server=y,suspend=n,address=127.0.0.1:56256
Begin MonoManager ReloadAssembly
Registering precompiled unity dll's ...
Register platform support module: C:/Program Files/Unity/Hub/Editor/2020.3.23f1/Editor/Data/PlaybackEngines/WebGLSupport/UnityEditor.WebGL.Extensions.dll
Register platform support module: C:/Program Files/Unity/Hub/Editor/2020.3.23f1/Editor/Data/PlaybackEngines/WindowsStandaloneSupport/UnityEditor.WindowsStandalone.Extensions.dll
Registered in 0.003667 seconds.
Native extension for WindowsStandalone target not found
Native extension for WebGL target not found
Refreshing native plugins compatible for Editor in 126.14 ms, found 2 plugins.
Preloading 0 native plugins for Editor in 0.00 ms.
Mono: successfully reloaded assembly
- Completed reload, in  1.000 seconds
Domain Reload Profiling:
	ReloadAssembly (1000ms)
		BeginReloadAssembly (91ms)
			ExecutionOrderSort (0ms)
			DisableScriptedObjects (0ms)
			BackupInstance (0ms)
			ReleaseScriptingObjects (0ms)
			CreateAndSetChildDomain (1ms)
		EndReloadAssembly (775ms)
			LoadAssemblies (88ms)
			RebuildTransferFunctionScriptingTraits (0ms)
			SetupTypeCache (251ms)
			ReleaseScriptCaches (0ms)
			RebuildScriptCaches (51ms)
			SetupLoadedEditorAssemblies (331ms)
				LogAssemblyErrors (0ms)
				InitializePlatformSupportModulesInManaged (8ms)
				SetLoadedEditorAssemblies (0ms)
				RefreshPlugins (126ms)
				BeforeProcessingInitializeOnLoad (28ms)
				ProcessInitializeOnLoadAttributes (129ms)
				ProcessInitializeOnLoadMethodAttributes (39ms)
				AfterProcessingInitializeOnLoad (0ms)
				EditorAssembliesLoaded (0ms)
			ExecutionOrderSort2 (0ms)
			AwakeInstancesAfterBackupRestoration (0ms)
Platform modules already initialized, skipping
Registering precompiled user dll's ...
Registered in 0.007261 seconds.
Begin MonoManager ReloadAssembly
Native extension for WindowsStandalone target not found
Native extension for WebGL target not found
Refreshing native plugins compatible for Editor in 101.42 ms, found 2 plugins.
Preloading 0 native plugins for Editor in 0.00 ms.
Mono: successfully reloaded assembly
- Completed reload, in  1.920 seconds
Domain Reload Profiling:
	ReloadAssembly (1921ms)
		BeginReloadAssembly (244ms)
			ExecutionOrderSort (0ms)
			DisableScriptedObjects (9ms)
			BackupInstance (0ms)
			ReleaseScriptingObjects (0ms)
			CreateAndSetChildDomain (27ms)
		EndReloadAssembly (1591ms)
			LoadAssemblies (134ms)
			RebuildTransferFunctionScriptingTraits (0ms)
			SetupTypeCache (533ms)
			ReleaseScriptCaches (1ms)
			RebuildScriptCaches (117ms)
			SetupLoadedEditorAssemblies (632ms)
				LogAssemblyErrors (0ms)
				InitializePlatformSupportModulesInManaged (6ms)
				SetLoadedEditorAssemblies (0ms)
				RefreshPlugins (102ms)
				BeforeProcessingInitializeOnLoad (154ms)
				ProcessInitializeOnLoadAttributes (347ms)
				ProcessInitializeOnLoadMethodAttributes (13ms)
				AfterProcessingInitializeOnLoad (10ms)
				EditorAssembliesLoaded (0ms)
			ExecutionOrderSort2 (0ms)
			AwakeInstancesAfterBackupRestoration (7ms)
Platform modules already initialized, skipping
========================================================================
Worker process is ready to serve import requests
Launched and connected shader compiler UnityShaderCompiler.exe after 0.14 seconds
Refreshing native plugins compatible for Editor in 1.04 ms, found 2 plugins.
Preloading 0 native plugins for Editor in 0.00 ms.
Unloading 3781 Unused Serialized files (Serialized files now loaded: 0)
System memory in use before: 181.9 MB.
System memory in use after: 182.1 MB.

Unloading 22 unused Assets to reduce memory usage. Loaded Objects now: 4251.
Total: 4.742800 ms (FindLiveObjects: 0.572500 ms CreateObjectMapping: 0.296900 ms MarkObjects: 3.822300 ms  DeleteObjects: 0.049600 ms)

AssetImportParameters requested are different than current active one (requested -> active):
  custom:framework-win-MediaFoundation: 216162199b28c13a410421893ffa2e32 -> 
  custom:video-decoder-ogg-theora: a1e56fd34408186e4bbccfd4996cb3dc -> 
  custom:container-muxer-webm: aa71ff27fc2769a1b78a27578f13a17b -> 
  custom:container-demuxer-webm: 4f35f7cbe854078d1ac9338744f61a02 -> 
  custom:container-demuxer-ogg: 62fdf1f143b41e24485cea50d1cbac27 -> 
  custom:video-encoder-webm-vp8: eb34c28f22e8b96e1ab97ce403110664 -> 
  custom:video-codec-MediaFoundation-h265: 746d11721c4dcdbdad8f713fa42b33f4 -> 
  custom:video-decoder-webm-vp8: 9c59270c3fd7afecdb556c50c9e8de78 -> 
  custom:audio-decoder-ogg-vorbis: bf7c407c2cedff20999df2af8eb42d56 -> 
  custom:audio-encoder-webm-vorbis: bf7c407c2cedff20999df2af8eb42d56 -> 
========================================================================
Received Import Request.
  path: Assets/ProjectStuff/3dModels
  artifactKey: Guid(206870eba57b88943893ac395ef1b68d) Importer(815301076,1909f56bfc062723c751e8b465ee728b)
Start importing Assets/ProjectStuff/3dModels using Guid(206870eba57b88943893ac395ef1b68d) Importer(815301076,1909f56bfc062723c751e8b465ee728b)  -> (artifact id: '06284cd4cd13ffa0fb19d86524d5a598') in 0.014367 seconds 
  Import took 0.021215 seconds .

========================================================================
Received Import Request.
  Time since last request: 49.969117 seconds.
  path: Assets/ProjectStuff/3dModels/tower_Base.fbx
  artifactKey: Guid(e3d82bf736e08054ba535b7b9a5412b0) Importer(815301076,1909f56bfc062723c751e8b465ee728b)
Start importing Assets/ProjectStuff/3dModels/tower_Base.fbx using Guid(e3d82bf736e08054ba535b7b9a5412b0) Importer(815301076,1909f56bfc062723c751e8b465ee728b)  -> (artifact id: '49f06cd6c9531e162990c4e1e3a703bd') in 0.420302 seconds 
  Import took 0.431494 seconds .

========================================================================
Received Import Request.
  Time since last request: 0.000284 seconds.
  path: Assets/ProjectStuff/3dModels/HornetClassic.fbx
  artifactKey: Guid(0223df48155164342b6aed6ea0a7a210) Importer(815301076,1909f56bfc062723c751e8b465ee728b)
Start importing Assets/ProjectStuff/3dModels/HornetClassic.fbx using Guid(0223df48155164342b6aed6ea0a7a210) Importer(815301076,1909f56bfc062723c751e8b465ee728b)  -> (artifact id: '3e6544cef8fa5653b777cab36f50f778') in 0.091066 seconds 
  Import took 0.103584 seconds .

========================================================================
Received Import Request.
  Time since last request: 0.000269 seconds.
  path: Assets/ProjectStuff/3dModels/Cannon1.fbx
  artifactKey: Guid(671c2e31f30b0bd43a5b4c1ebb37d51a) Importer(815301076,1909f56bfc062723c751e8b465ee728b)
Start importing Assets/ProjectStuff/3dModels/Cannon1.fbx using Guid(671c2e31f30b0bd43a5b4c1ebb37d51a) Importer(815301076,1909f56bfc062723c751e8b465ee728b)  -> (artifact id: 'd9a88246ef05ae4f826ca08b2a5d7056') in 0.077807 seconds 
  Import took 0.086907 seconds .

========================================================================
Received Import Request.
  Time since last request: 109.784302 seconds.
  path: Assets/ProjectStuff/NewMaterials/Hornet_mat.mat
  artifactKey: Guid(70a329014514d9141a3f1c0740ae492c) Importer(815301076,1909f56bfc062723c751e8b465ee728b)
Start importing Assets/ProjectStuff/NewMaterials/Hornet_mat.mat using Guid(70a329014514d9141a3f1c0740ae492c) Importer(815301076,1909f56bfc062723c751e8b465ee728b)  -> (artifact id: 'fd5e314fa39f5e275473be8c9d371fb0') in 0.044009 seconds 
  Import took 0.055129 seconds .

========================================================================
Received Import Request.
  Time since last request: 444.212286 seconds.
  path: Assets/ProjectStuff/Prefabs/boostR.prefab
  artifactKey: Guid(2fef0180bac260c44b2338266daa452a) Importer(815301076,1909f56bfc062723c751e8b465ee728b)
Start importing Assets/ProjectStuff/Prefabs/boostR.prefab using Guid(2fef0180bac260c44b2338266daa452a) Importer(815301076,1909f56bfc062723c751e8b465ee728b)  -> (artifact id: 'db363711941c2d8842998a64c578d3c2') in 0.025938 seconds 
  Import took 0.037095 seconds .

========================================================================
Received Import Request.
  Time since last request: 24.710566 seconds.
  path: Assets/ProjectStuff/Prefabs/Trailwithgraph.prefab
  artifactKey: Guid(2fef0180bac260c44b2338266daa452a) Importer(815301076,1909f56bfc062723c751e8b465ee728b)
Start importing Assets/ProjectStuff/Prefabs/Trailwithgraph.prefab using Guid(2fef0180bac260c44b2338266daa452a) Importer(815301076,1909f56bfc062723c751e8b465ee728b)  -> (artifact id: '3a517768517ff54e3fd5a4f2c9571bf9') in 0.021317 seconds 
  Import took 0.035984 seconds .

========================================================================
Received Import Request.
  Time since last request: 395.534364 seconds.
  path: Assets/ProjectStuff/NormalMaps/Elastic_Normal4K.tif
  artifactKey: Guid(1a3675ef3515da941a43fdc322c3ecf7) Importer(815301076,1909f56bfc062723c751e8b465ee728b)
Start importing Assets/ProjectStuff/NormalMaps/Elastic_Normal4K.tif using Guid(1a3675ef3515da941a43fdc322c3ecf7) Importer(815301076,1909f56bfc062723c751e8b465ee728b)  -> (artifact id: '781450a33c400acd2bb199b87040e8e5') in 0.112546 seconds 
  Import took 0.125228 seconds .

========================================================================
Received Import Request.
  Time since last request: 12.686333 seconds.
  path: Assets/ProjectStuff/NormalMaps/Elastic_Normall2k.tif
  artifactKey: Guid(34dac9da63b974b4b90553062f66ad87) Importer(815301076,1909f56bfc062723c751e8b465ee728b)
Start importing Assets/ProjectStuff/NormalMaps/Elastic_Normall2k.tif using Guid(34dac9da63b974b4b90553062f66ad87) Importer(815301076,1909f56bfc062723c751e8b465ee728b)  -> (artifact id: '4f0fd2e6aefec1163343242900bbbdb4') in 0.027522 seconds 
  Import took 0.041606 seconds .

========================================================================
Received Import Request.
  Time since last request: 4.839609 seconds.
  path: Assets/ProjectStuff/NormalMaps/Elastic_Normal2k.tif
  artifactKey: Guid(34dac9da63b974b4b90553062f66ad87) Importer(815301076,1909f56bfc062723c751e8b465ee728b)
Start importing Assets/ProjectStuff/NormalMaps/Elastic_Normal2k.tif using Guid(34dac9da63b974b4b90553062f66ad87) Importer(815301076,1909f56bfc062723c751e8b465ee728b)  -> (artifact id: 'caad1270c735fdda518aee70c06db684') in 0.021634 seconds 
  Import took 0.037355 seconds .

========================================================================
Received Import Request.
  Time since last request: 65.082457 seconds.
  path: Assets/ProjectStuff/Materials
  artifactKey: Guid(71b2c7fd1ff5ae24db4fc28a1aa3f397) Importer(815301076,1909f56bfc062723c751e8b465ee728b)
Start importing Assets/ProjectStuff/Materials using Guid(71b2c7fd1ff5ae24db4fc28a1aa3f397) Importer(815301076,1909f56bfc062723c751e8b465ee728b)  -> (artifact id: 'ce2a72cb116c14c5a18c4a319436578e') in 0.010872 seconds 
  Import took 0.020227 seconds .

========================================================================
Received Import Request.
  Time since last request: 5.612054 seconds.
  path: Assets/ProjectStuff/Materials/Hornet_mat.mat
  artifactKey: Guid(70a329014514d9141a3f1c0740ae492c) Importer(815301076,1909f56bfc062723c751e8b465ee728b)
Start importing Assets/ProjectStuff/Materials/Hornet_mat.mat using Guid(70a329014514d9141a3f1c0740ae492c) Importer(815301076,1909f56bfc062723c751e8b465ee728b)  -> (artifact id: '14c15f5f60e986e81dd79001087fe9af') in 0.023990 seconds 
  Import took 0.039110 seconds .

========================================================================
Received Import Request.
  Time since last request: 121.598097 seconds.
  path: Assets/ProjectStuff/Materials/NormalMaps/mats
  artifactKey: Guid(052fde016de1e3a4890791edf6900955) Importer(815301076,1909f56bfc062723c751e8b465ee728b)
Start importing Assets/ProjectStuff/Materials/NormalMaps/mats using Guid(052fde016de1e3a4890791edf6900955) Importer(815301076,1909f56bfc062723c751e8b465ee728b)  -> (artifact id: '60f324d4f2325f39bb2b3a3bb0de124c') in 0.012192 seconds 
  Import took 0.020685 seconds .

========================================================================
Received Prepare
Registering precompiled user dll's ...
Registered in 0.006758 seconds.
Begin MonoManager ReloadAssembly
Native extension for WindowsStandalone target not found
Native extension for WebGL target not found
Refreshing native plugins compatible for Editor in 0.73 ms, found 2 plugins.
Preloading 0 native plugins for Editor in 0.00 ms.
Mono: successfully reloaded assembly
- Completed reload, in  1.681 seconds
Domain Reload Profiling:
	ReloadAssembly (1682ms)
		BeginReloadAssembly (220ms)
			ExecutionOrderSort (0ms)
			DisableScriptedObjects (12ms)
			BackupInstance (0ms)
			ReleaseScriptingObjects (0ms)
			CreateAndSetChildDomain (62ms)
		EndReloadAssembly (1366ms)
			LoadAssemblies (141ms)
			RebuildTransferFunctionScriptingTraits (0ms)
			SetupTypeCache (471ms)
			ReleaseScriptCaches (2ms)
			RebuildScriptCaches (85ms)
			SetupLoadedEditorAssemblies (485ms)
				LogAssemblyErrors (0ms)
				InitializePlatformSupportModulesInManaged (6ms)
				SetLoadedEditorAssemblies (1ms)
				RefreshPlugins (1ms)
				BeforeProcessingInitializeOnLoad (130ms)
				ProcessInitializeOnLoadAttributes (317ms)
				ProcessInitializeOnLoadMethodAttributes (15ms)
				AfterProcessingInitializeOnLoad (15ms)
				EditorAssembliesLoaded (0ms)
			ExecutionOrderSort2 (0ms)
			AwakeInstancesAfterBackupRestoration (27ms)
Platform modules already initialized, skipping
Refreshing native plugins compatible for Editor in 0.71 ms, found 2 plugins.
Preloading 0 native plugins for Editor in 0.00 ms.
Unloading 3662 Unused Serialized files (Serialized files now loaded: 0)
System memory in use before: 179.6 MB.
System memory in use after: 179.9 MB.

Unloading 16 unused Assets to reduce memory usage. Loaded Objects now: 4337.
Total: 4.806400 ms (FindLiveObjects: 0.764800 ms CreateObjectMapping: 0.431800 ms MarkObjects: 3.535800 ms  DeleteObjects: 0.072700 ms)

AssetImportParameters requested are different than current active one (requested -> active):
  custom:framework-win-MediaFoundation: 216162199b28c13a410421893ffa2e32 -> 
  custom:video-decoder-ogg-theora: a1e56fd34408186e4bbccfd4996cb3dc -> 
  custom:container-muxer-webm: aa71ff27fc2769a1b78a27578f13a17b -> 
  custom:container-demuxer-webm: 4f35f7cbe854078d1ac9338744f61a02 -> 
  custom:container-demuxer-ogg: 62fdf1f143b41e24485cea50d1cbac27 -> 
  custom:video-encoder-webm-vp8: eb34c28f22e8b96e1ab97ce403110664 -> 
  custom:video-codec-MediaFoundation-h265: 746d11721c4dcdbdad8f713fa42b33f4 -> 
  custom:video-decoder-webm-vp8: 9c59270c3fd7afecdb556c50c9e8de78 -> 
  custom:audio-decoder-ogg-vorbis: bf7c407c2cedff20999df2af8eb42d56 -> 
  custom:audio-encoder-webm-vorbis: bf7c407c2cedff20999df2af8eb42d56 -> 
AssetImportWorkerClient::OnTransportError - code=2 error=End of file
